  [1m[35m (0.1ms)[0m  [1m[34mSELECT sqlite_version(*)[0m
  [1m[35m (14.2ms)[0m  [1m[35mCREATE TABLE "schema_migrations" ("version" varchar NOT NULL PRIMARY KEY)[0m
  [1m[35m (7.0ms)[0m  [1m[35mCREATE TABLE "ar_internal_metadata" ("key" varchar NOT NULL PRIMARY KEY, "value" varchar, "created_at" datetime NOT NULL, "updated_at" datetime NOT NULL)[0m
  [1m[35m (0.2ms)[0m  [1m[34mSELECT "schema_migrations"."version" FROM "schema_migrations" ORDER BY "schema_migrations"."version" ASC[0m
Migrating to CreateSongs (20171031210900)
  [1m[35m (0.1ms)[0m  [1m[36mbegin transaction[0m
  [1m[35m (1.2ms)[0m  [1m[35mCREATE TABLE "songs" ("id" INTEGER PRIMARY KEY AUTOINCREMENT NOT NULL, "artist" varchar, "name" varchar, "album" varchar, "created_at" datetime NOT NULL, "updated_at" datetime NOT NULL)[0m
  [1m[35mSQL (0.3ms)[0m  [1m[32mINSERT INTO "schema_migrations" ("version") VALUES (?)[0m  [["version", "20171031210900"]]
  [1m[35m (7.8ms)[0m  [1m[36mcommit transaction[0m
  [1m[36mActiveRecord::InternalMetadata Load (1.3ms)[0m  [1m[34mSELECT  "ar_internal_metadata".* FROM "ar_internal_metadata" WHERE "ar_internal_metadata"."key" = ? LIMIT ?[0m  [["key", "environment"], ["LIMIT", 1]]
  [1m[35m (0.1ms)[0m  [1m[36mbegin transaction[0m
  [1m[35mSQL (2.8ms)[0m  [1m[32mINSERT INTO "ar_internal_metadata" ("key", "value", "created_at", "updated_at") VALUES (?, ?, ?, ?)[0m  [["key", "environment"], ["value", "development"], ["created_at", "2017-10-31 21:09:15.801230"], ["updated_at", "2017-10-31 21:09:15.801230"]]
  [1m[35m (16.7ms)[0m  [1m[36mcommit transaction[0m
  [1m[35m (0.2ms)[0m  [1m[34mSELECT "schema_migrations"."version" FROM "schema_migrations" ORDER BY "schema_migrations"."version" ASC[0m
  [1m[35m (0.2ms)[0m  [1m[34mSELECT "schema_migrations"."version" FROM "schema_migrations" ORDER BY "schema_migrations"."version" ASC[0m
  [1m[35m (0.2ms)[0m  [1m[34mSELECT "ar_internal_metadata"."value" FROM "ar_internal_metadata" WHERE "ar_internal_metadata"."key" = ?[0m  [["key", "environment"]]
  [1m[35m (0.1ms)[0m  [1m[34mSELECT "schema_migrations"."version" FROM "schema_migrations" ORDER BY "schema_migrations"."version" ASC[0m
  [1m[35m (0.1ms)[0m  [1m[34mSELECT "ar_internal_metadata"."value" FROM "ar_internal_metadata" WHERE "ar_internal_metadata"."key" = ?[0m  [["key", "environment"]]
  [1m[35m (0.1ms)[0m  [1m[34mSELECT "schema_migrations"."version" FROM "schema_migrations" ORDER BY "schema_migrations"."version" ASC[0m
  [1m[35m (0.1ms)[0m  [1m[34mSELECT "ar_internal_metadata"."value" FROM "ar_internal_metadata" WHERE "ar_internal_metadata"."key" = ?[0m  [["key", "environment"]]
Started GET "/" for 127.0.0.1 at 2017-10-31 23:38:34 +0200
  
ActiveRecord::PendingMigrationError (

Migrations are pending. To resolve this issue, run:

        bin/rails db:migrate RAILS_ENV=development

):
  
activerecord (5.1.4) lib/active_record/migration.rb:576:in `check_pending!'
activerecord (5.1.4) lib/active_record/migration.rb:553:in `call'
actionpack (5.1.4) lib/action_dispatch/middleware/callbacks.rb:26:in `block in call'
activesupport (5.1.4) lib/active_support/callbacks.rb:97:in `run_callbacks'
actionpack (5.1.4) lib/action_dispatch/middleware/callbacks.rb:24:in `call'
actionpack (5.1.4) lib/action_dispatch/middleware/executor.rb:12:in `call'
actionpack (5.1.4) lib/action_dispatch/middleware/debug_exceptions.rb:59:in `call'
web-console (3.5.1) lib/web_console/middleware.rb:135:in `call_app'
web-console (3.5.1) lib/web_console/middleware.rb:28:in `block in call'
web-console (3.5.1) lib/web_console/middleware.rb:18:in `catch'
web-console (3.5.1) lib/web_console/middleware.rb:18:in `call'
actionpack (5.1.4) lib/action_dispatch/middleware/show_exceptions.rb:31:in `call'
railties (5.1.4) lib/rails/rack/logger.rb:36:in `call_app'
railties (5.1.4) lib/rails/rack/logger.rb:24:in `block in call'
activesupport (5.1.4) lib/active_support/tagged_logging.rb:69:in `block in tagged'
activesupport (5.1.4) lib/active_support/tagged_logging.rb:26:in `tagged'
activesupport (5.1.4) lib/active_support/tagged_logging.rb:69:in `tagged'
railties (5.1.4) lib/rails/rack/logger.rb:24:in `call'
sprockets-rails (3.2.1) lib/sprockets/rails/quiet_assets.rb:13:in `call'
actionpack (5.1.4) lib/action_dispatch/middleware/remote_ip.rb:79:in `call'
actionpack (5.1.4) lib/action_dispatch/middleware/request_id.rb:25:in `call'
rack (2.0.3) lib/rack/method_override.rb:22:in `call'
rack (2.0.3) lib/rack/runtime.rb:22:in `call'
activesupport (5.1.4) lib/active_support/cache/strategy/local_cache_middleware.rb:27:in `call'
actionpack (5.1.4) lib/action_dispatch/middleware/executor.rb:12:in `call'
actionpack (5.1.4) lib/action_dispatch/middleware/static.rb:125:in `call'
rack (2.0.3) lib/rack/sendfile.rb:111:in `call'
railties (5.1.4) lib/rails/engine.rb:522:in `call'
puma (3.10.0) lib/puma/configuration.rb:225:in `call'
puma (3.10.0) lib/puma/server.rb:605:in `handle_request'
puma (3.10.0) lib/puma/server.rb:437:in `process_client'
puma (3.10.0) lib/puma/server.rb:301:in `block in run'
puma (3.10.0) lib/puma/thread_pool.rb:120:in `block in spawn_thread'
  [1m[35m (0.1ms)[0m  [1m[34mSELECT sqlite_version(*)[0m
  [1m[35m (8.3ms)[0m  [1m[35mCREATE TABLE "schema_migrations" ("version" varchar NOT NULL PRIMARY KEY)[0m
  [1m[35m (8.5ms)[0m  [1m[35mCREATE TABLE "ar_internal_metadata" ("key" varchar NOT NULL PRIMARY KEY, "value" varchar, "created_at" datetime NOT NULL, "updated_at" datetime NOT NULL)[0m
  [1m[35m (0.2ms)[0m  [1m[34mSELECT "schema_migrations"."version" FROM "schema_migrations" ORDER BY "schema_migrations"."version" ASC[0m
Migrating to CreateSongs (20171031212209)
  [1m[35m (0.1ms)[0m  [1m[36mbegin transaction[0m
  [1m[35m (1.3ms)[0m  [1m[35mCREATE TABLE "songs" ("id" INTEGER PRIMARY KEY AUTOINCREMENT NOT NULL, "artist" varchar, "title" varchar, "album" varchar, "created_at" datetime NOT NULL, "updated_at" datetime NOT NULL)[0m
  [1m[35mSQL (0.3ms)[0m  [1m[32mINSERT INTO "schema_migrations" ("version") VALUES (?)[0m  [["version", "20171031212209"]]
  [1m[35m (8.9ms)[0m  [1m[36mcommit transaction[0m
  [1m[36mActiveRecord::InternalMetadata Load (0.2ms)[0m  [1m[34mSELECT  "ar_internal_metadata".* FROM "ar_internal_metadata" WHERE "ar_internal_metadata"."key" = ? LIMIT ?[0m  [["key", "environment"], ["LIMIT", 1]]
  [1m[35m (0.1ms)[0m  [1m[36mbegin transaction[0m
  [1m[35mSQL (1.2ms)[0m  [1m[32mINSERT INTO "ar_internal_metadata" ("key", "value", "created_at", "updated_at") VALUES (?, ?, ?, ?)[0m  [["key", "environment"], ["value", "development"], ["created_at", "2017-10-31 21:38:52.547566"], ["updated_at", "2017-10-31 21:38:52.547566"]]
  [1m[35m (11.8ms)[0m  [1m[36mcommit transaction[0m
  [1m[35m (0.1ms)[0m  [1m[34mSELECT "schema_migrations"."version" FROM "schema_migrations" ORDER BY "schema_migrations"."version" ASC[0m
Started GET "/" for 127.0.0.1 at 2017-10-31 23:38:58 +0200
  [1m[35m (0.3ms)[0m  [1m[34mSELECT "schema_migrations"."version" FROM "schema_migrations" ORDER BY "schema_migrations"."version" ASC[0m
Processing by SongsController#index as HTML
  Rendering songs/index.html.erb within layouts/application
  Rendered songs/index.html.erb within layouts/application (1.4ms)
Completed 500 Internal Server Error in 21ms (ActiveRecord: 0.0ms)


  
SyntaxError (/home/joe/Desktop/Geekhub/Homework 4/project_8/app/views/songs/index.html.erb:20: syntax error, unexpected keyword_ensure, expecting keyword_end
          ensure
                ^):
  
app/views/songs/index.html.erb:20: syntax error, unexpected keyword_ensure, expecting keyword_end
Started GET "/" for 127.0.0.1 at 2017-10-31 23:39:40 +0200
Processing by SongsController#index as HTML
  Rendering songs/index.html.erb within layouts/application
  [1m[36mSong Load (0.1ms)[0m  [1m[34mSELECT "songs".* FROM "songs"[0m
  Rendered songs/index.html.erb within layouts/application (14.9ms)
Completed 200 OK in 2809ms (Views: 2806.7ms | ActiveRecord: 0.9ms)


Started GET "/" for 127.0.0.1 at 2017-10-31 23:40:14 +0200
Processing by SongsController#index as HTML
  Rendering songs/index.html.erb within layouts/application
  [1m[36mSong Load (0.2ms)[0m  [1m[34mSELECT "songs".* FROM "songs"[0m
  Rendered songs/index.html.erb within layouts/application (1.5ms)
Completed 200 OK in 21ms (Views: 19.3ms | ActiveRecord: 0.2ms)


Started GET "/" for 127.0.0.1 at 2017-10-31 23:40:45 +0200
Processing by SongsController#index as HTML
  Rendering songs/index.html.erb within layouts/application
  [1m[36mSong Load (0.2ms)[0m  [1m[34mSELECT "songs".* FROM "songs"[0m
  Rendered songs/index.html.erb within layouts/application (1.4ms)
Completed 200 OK in 30ms (Views: 28.4ms | ActiveRecord: 0.2ms)


Started GET "/songs/new" for 127.0.0.1 at 2017-10-31 23:40:48 +0200
Processing by SongsController#new as HTML
  Rendering songs/new.html.erb within layouts/application
  Rendered songs/_form.html.erb (0.9ms)
  Rendered songs/new.html.erb within layouts/application (6.1ms)
Completed 500 Internal Server Error in 58ms (ActiveRecord: 0.6ms)


  
SyntaxError (/home/joe/Desktop/Geekhub/Homework 4/project_8/app/views/songs/_form.html.erb:21: syntax error, unexpected keyword_ensure, expecting keyword_end
          ensure
                ^):
  
app/views/songs/_form.html.erb:21: syntax error, unexpected keyword_ensure, expecting keyword_end
app/views/songs/new.html.erb:3:in `_app_views_songs_new_html_erb___3612197933243572349_69904854376460'
Started GET "/songs/new" for 127.0.0.1 at 2017-10-31 23:41:18 +0200
Processing by SongsController#new as HTML
  Rendering songs/new.html.erb within layouts/application
  Rendered songs/_form.html.erb (7.8ms)
  Rendered songs/new.html.erb within layouts/application (11.1ms)
Completed 500 Internal Server Error in 14ms (ActiveRecord: 0.0ms)


  
ActionView::Template::Error (undefined method `any' for #<ActiveModel::Errors:0x007f27fc20e8d0>
Did you mean?  any?):
    1: <%= form_with model: @song, local: true do |f| %>
    2: 	
    3: 	<% if @song.errors.any %>
    4: 		<div id="error_explanation">
    5: 			<h2>
    6: 				<%= pluralize(@song.errors.count, 'error') %> prohibited from creation this entry:
  
app/views/songs/_form.html.erb:3:in `block in _app_views_songs__form_html_erb__347811698246985490_69904855299480'
app/views/songs/_form.html.erb:1:in `_app_views_songs__form_html_erb__347811698246985490_69904855299480'
app/views/songs/new.html.erb:3:in `_app_views_songs_new_html_erb___3612197933243572349_69904855365260'
Started GET "/songs/new" for 127.0.0.1 at 2017-10-31 23:41:39 +0200
Processing by SongsController#new as HTML
  Rendering songs/new.html.erb within layouts/application
  Rendered songs/_form.html.erb (120.8ms)
  Rendered songs/new.html.erb within layouts/application (122.0ms)
Completed 200 OK in 139ms (Views: 137.9ms | ActiveRecord: 0.0ms)


Started POST "/songs" for 127.0.0.1 at 2017-10-31 23:41:43 +0200
Processing by SongsController#create as HTML
  Parameters: {"utf8"=>"✓", "authenticity_token"=>"zM++Orz7QLa6LzPXiM+wWPVG6ozBgfADHH/Jf+fTLjdJT7SDcgR9RaTuteLiGB3V59+tVCP9ABafs0DUMOeukg==", "song"=>{"title"=>"", "artist"=>"", "album"=>""}, "commit"=>"Create Song"}
  [1m[35m (0.1ms)[0m  [1m[36mbegin transaction[0m
  [1m[35m (0.1ms)[0m  [1m[31mrollback transaction[0m
  Rendering songs/new.html.erb within layouts/application
  Rendered songs/_form.html.erb (2.2ms)
  Rendered songs/new.html.erb within layouts/application (5.6ms)
Completed 200 OK in 35ms (Views: 30.5ms | ActiveRecord: 0.2ms)


Started GET "/songs" for 127.0.0.1 at 2017-10-31 23:41:52 +0200
Processing by SongsController#index as HTML
  Rendering songs/index.html.erb within layouts/application
  [1m[36mSong Load (0.2ms)[0m  [1m[34mSELECT "songs".* FROM "songs"[0m
  Rendered songs/index.html.erb within layouts/application (1.6ms)
Completed 200 OK in 21ms (Views: 19.3ms | ActiveRecord: 0.2ms)


Started GET "/songs/new" for 127.0.0.1 at 2017-10-31 23:41:54 +0200
Processing by SongsController#new as HTML
  Rendering songs/new.html.erb within layouts/application
  Rendered songs/_form.html.erb (1.6ms)
  Rendered songs/new.html.erb within layouts/application (2.9ms)
Completed 200 OK in 23ms (Views: 22.1ms | ActiveRecord: 0.0ms)


Started POST "/songs" for 127.0.0.1 at 2017-10-31 23:42:10 +0200
Processing by SongsController#create as HTML
  Parameters: {"utf8"=>"✓", "authenticity_token"=>"zT0jjukGHPCPLzSf5lgqI9l9UPz/LPs+Iy9kFe1gBRr+GX9Cmd+ntQ9HaAYAQIwGTbkUglkPpZM5BrcPgK5XIg==", "song"=>{"title"=>"In The End", "artist"=>"Linkin Park", "album"=>"Meteora"}, "commit"=>"Create Song"}
  [1m[35m (0.1ms)[0m  [1m[36mbegin transaction[0m
  [1m[35mSQL (40.8ms)[0m  [1m[32mINSERT INTO "songs" ("artist", "title", "album", "created_at", "updated_at") VALUES (?, ?, ?, ?, ?)[0m  [["artist", "Linkin Park"], ["title", "In The End"], ["album", "Meteora"], ["created_at", "2017-10-31 21:42:10.799206"], ["updated_at", "2017-10-31 21:42:10.799206"]]
  [1m[35m (17.6ms)[0m  [1m[36mcommit transaction[0m
Redirected to http://localhost:3000/songs/1
Completed 302 Found in 64ms (ActiveRecord: 58.6ms)


Started GET "/songs/1" for 127.0.0.1 at 2017-10-31 23:42:10 +0200
Processing by SongsController#show as HTML
  Parameters: {"id"=>"1"}
  [1m[36mSong Load (0.3ms)[0m  [1m[34mSELECT  "songs".* FROM "songs" WHERE "songs"."id" = ? LIMIT ?[0m  [["id", 1], ["LIMIT", 1]]
  Rendering songs/show.html.erb within layouts/application
  Rendered songs/show.html.erb within layouts/application (0.8ms)
Completed 200 OK in 37ms (Views: 21.1ms | ActiveRecord: 0.3ms)


Started GET "/songs" for 127.0.0.1 at 2017-10-31 23:42:16 +0200
Processing by SongsController#index as HTML
  Rendering songs/index.html.erb within layouts/application
  [1m[36mSong Load (0.2ms)[0m  [1m[34mSELECT "songs".* FROM "songs"[0m
  Rendered songs/index.html.erb within layouts/application (3.3ms)
Completed 200 OK in 37ms (Views: 34.9ms | ActiveRecord: 0.2ms)


Started GET "/songs/1" for 127.0.0.1 at 2017-10-31 23:42:25 +0200
Processing by SongsController#show as HTML
  Parameters: {"id"=>"1"}
  [1m[36mSong Load (0.1ms)[0m  [1m[34mSELECT  "songs".* FROM "songs" WHERE "songs"."id" = ? LIMIT ?[0m  [["id", 1], ["LIMIT", 1]]
  Rendering songs/show.html.erb within layouts/application
  Rendered songs/show.html.erb within layouts/application (0.9ms)
Completed 200 OK in 20ms (Views: 18.5ms | ActiveRecord: 0.1ms)


Started GET "/songs/1/edit" for 127.0.0.1 at 2017-10-31 23:42:27 +0200
Processing by SongsController#edit as HTML
  Parameters: {"id"=>"1"}
  [1m[36mSong Load (0.2ms)[0m  [1m[34mSELECT  "songs".* FROM "songs" WHERE "songs"."id" = ? LIMIT ?[0m  [["id", 1], ["LIMIT", 1]]
  Rendering songs/edit.html.erb within layouts/application
  Rendered songs/_form.html.erb (2.1ms)
  Rendered songs/edit.html.erb within layouts/application (3.4ms)
Completed 200 OK in 33ms (Views: 30.9ms | ActiveRecord: 0.2ms)


Started PATCH "/songs/1" for 127.0.0.1 at 2017-10-31 23:42:31 +0200
Processing by SongsController#update as HTML
  Parameters: {"utf8"=>"✓", "authenticity_token"=>"60G5XPJVBxb+Uxu8UGF1dhHGqeuUmi3kXEbFkYFc0wLcfXMt1iEpq6+C/aB9/3kzgexz2qfKgbhVJx+lbB5R4A==", "song"=>{"title"=>"In The End1", "artist"=>"Linkin Park", "album"=>"Meteora"}, "commit"=>"Update Song", "id"=>"1"}
  [1m[36mSong Load (0.2ms)[0m  [1m[34mSELECT  "songs".* FROM "songs" WHERE "songs"."id" = ? LIMIT ?[0m  [["id", 1], ["LIMIT", 1]]
  [1m[35m (0.1ms)[0m  [1m[36mbegin transaction[0m
  [1m[35mSQL (1.0ms)[0m  [1m[33mUPDATE "songs" SET "title" = ?, "updated_at" = ? WHERE "songs"."id" = ?[0m  [["title", "In The End1"], ["updated_at", "2017-10-31 21:42:31.278608"], ["id", 1]]
  [1m[35m (127.9ms)[0m  [1m[36mcommit transaction[0m
Redirected to http://localhost:3000/songs/1
Completed 302 Found in 134ms (ActiveRecord: 129.1ms)


Started GET "/songs/1" for 127.0.0.1 at 2017-10-31 23:42:31 +0200
Processing by SongsController#show as HTML
  Parameters: {"id"=>"1"}
  [1m[36mSong Load (0.1ms)[0m  [1m[34mSELECT  "songs".* FROM "songs" WHERE "songs"."id" = ? LIMIT ?[0m  [["id", 1], ["LIMIT", 1]]
  Rendering songs/show.html.erb within layouts/application
  Rendered songs/show.html.erb within layouts/application (1.0ms)
Completed 200 OK in 34ms (Views: 31.9ms | ActiveRecord: 0.1ms)


Started GET "/songs" for 127.0.0.1 at 2017-10-31 23:42:33 +0200
Processing by SongsController#index as HTML
  Rendering songs/index.html.erb within layouts/application
  [1m[36mSong Load (0.2ms)[0m  [1m[34mSELECT "songs".* FROM "songs"[0m
  Rendered songs/index.html.erb within layouts/application (1.9ms)
Completed 200 OK in 36ms (Views: 34.8ms | ActiveRecord: 0.2ms)


Started DELETE "/songs/1" for 127.0.0.1 at 2017-10-31 23:42:34 +0200
Processing by SongsController#destroy as HTML
  Parameters: {"authenticity_token"=>"mf2H1nJiBpSevgM0fxM6C48xoWkess4PCLKpZaOk434cfY1vvJ07Z4B/hQEVxJeGnajmsfzOPhqLfiDOdJBj2w==", "id"=>"1"}
  [1m[36mSong Load (0.1ms)[0m  [1m[34mSELECT  "songs".* FROM "songs" WHERE "songs"."id" = ? LIMIT ?[0m  [["id", 1], ["LIMIT", 1]]
  [1m[35m (0.1ms)[0m  [1m[36mbegin transaction[0m
  [1m[35mSQL (2.0ms)[0m  [1m[31mDELETE FROM "songs" WHERE "songs"."id" = ?[0m  [["id", 1]]
  [1m[35m (25.0ms)[0m  [1m[36mcommit transaction[0m
Redirected to http://localhost:3000/songs
Completed 302 Found in 32ms (ActiveRecord: 27.2ms)


Started GET "/songs" for 127.0.0.1 at 2017-10-31 23:42:34 +0200
Processing by SongsController#index as HTML
  Rendering songs/index.html.erb within layouts/application
  [1m[36mSong Load (0.2ms)[0m  [1m[34mSELECT "songs".* FROM "songs"[0m
  Rendered songs/index.html.erb within layouts/application (1.5ms)
Completed 200 OK in 27ms (Views: 25.6ms | ActiveRecord: 0.2ms)


  [1m[35m (0.2ms)[0m  [1m[34mSELECT "schema_migrations"."version" FROM "schema_migrations" ORDER BY "schema_migrations"."version" ASC[0m
  [1m[35m (0.2ms)[0m  [1m[34mSELECT "ar_internal_metadata"."value" FROM "ar_internal_metadata" WHERE "ar_internal_metadata"."key" = ?[0m  [["key", "environment"]]
  [1m[35m (0.1ms)[0m  [1m[34mSELECT "schema_migrations"."version" FROM "schema_migrations" ORDER BY "schema_migrations"."version" ASC[0m
  [1m[35m (0.1ms)[0m  [1m[34mSELECT "ar_internal_metadata"."value" FROM "ar_internal_metadata" WHERE "ar_internal_metadata"."key" = ?[0m  [["key", "environment"]]
  [1m[35m (0.1ms)[0m  [1m[34mSELECT "schema_migrations"."version" FROM "schema_migrations" ORDER BY "schema_migrations"."version" ASC[0m
  [1m[35m (0.1ms)[0m  [1m[34mSELECT "ar_internal_metadata"."value" FROM "ar_internal_metadata" WHERE "ar_internal_metadata"."key" = ?[0m  [["key", "environment"]]
