  [1m[35m (0.1ms)[0m  [1m[34mSELECT sqlite_version(*)[0m
  [1m[35m (12.4ms)[0m  [1m[35mCREATE TABLE "schema_migrations" ("version" varchar NOT NULL PRIMARY KEY)[0m
  [1m[35m (8.1ms)[0m  [1m[35mCREATE TABLE "ar_internal_metadata" ("key" varchar NOT NULL PRIMARY KEY, "value" varchar, "created_at" datetime NOT NULL, "updated_at" datetime NOT NULL)[0m
  [1m[35m (0.2ms)[0m  [1m[34mSELECT "schema_migrations"."version" FROM "schema_migrations" ORDER BY "schema_migrations"."version" ASC[0m
Migrating to CreateProducts (20171031201032)
  [1m[35m (0.1ms)[0m  [1m[36mbegin transaction[0m
  [1m[35m (1.0ms)[0m  [1m[35mCREATE TABLE "products" ("id" INTEGER PRIMARY KEY AUTOINCREMENT NOT NULL, "name" varchar, "price" float, "qty" integer, "created_at" datetime NOT NULL, "updated_at" datetime NOT NULL)[0m
  [1m[35mSQL (0.2ms)[0m  [1m[32mINSERT INTO "schema_migrations" ("version") VALUES (?)[0m  [["version", "20171031201032"]]
  [1m[35m (7.5ms)[0m  [1m[36mcommit transaction[0m
  [1m[36mActiveRecord::InternalMetadata Load (0.2ms)[0m  [1m[34mSELECT  "ar_internal_metadata".* FROM "ar_internal_metadata" WHERE "ar_internal_metadata"."key" = ? LIMIT ?[0m  [["key", "environment"], ["LIMIT", 1]]
  [1m[35m (0.1ms)[0m  [1m[36mbegin transaction[0m
  [1m[35mSQL (0.8ms)[0m  [1m[32mINSERT INTO "ar_internal_metadata" ("key", "value", "created_at", "updated_at") VALUES (?, ?, ?, ?)[0m  [["key", "environment"], ["value", "development"], ["created_at", "2017-10-31 20:11:21.450494"], ["updated_at", "2017-10-31 20:11:21.450494"]]
  [1m[35m (5.2ms)[0m  [1m[36mcommit transaction[0m
  [1m[35m (0.4ms)[0m  [1m[34mSELECT "schema_migrations"."version" FROM "schema_migrations" ORDER BY "schema_migrations"."version" ASC[0m
Started GET "/" for 127.0.0.1 at 2017-10-31 22:47:07 +0200
  [1m[35m (0.2ms)[0m  [1m[34mSELECT "schema_migrations"."version" FROM "schema_migrations" ORDER BY "schema_migrations"."version" ASC[0m
Processing by ProductsController#index as HTML
  Rendering products/index.html.erb within layouts/application
  [1m[36mProduct Load (0.3ms)[0m  [1m[34mSELECT "products".* FROM "products"[0m
  Rendered products/index.html.erb within layouts/application (4.1ms)
Completed 200 OK in 806ms (Views: 790.5ms | ActiveRecord: 0.7ms)


Started GET "/products/new" for 127.0.0.1 at 2017-10-31 22:47:16 +0200
Processing by ProductsController#new as HTML
  Rendering products/new.html.erb within layouts/application
  Rendered products/_form.html.erb (18.4ms)
  Rendered products/new.html.erb within layouts/application (20.0ms)
Completed 200 OK in 54ms (Views: 43.2ms | ActiveRecord: 0.5ms)


Started GET "/products/new" for 127.0.0.1 at 2017-10-31 22:52:58 +0200
Processing by ProductsController#new as HTML
  Rendering products/new.html.erb within layouts/application
  Rendered products/_form.html.erb (0.7ms)
  Rendered products/new.html.erb within layouts/application (2.9ms)
Completed 500 Internal Server Error in 7ms (ActiveRecord: 0.0ms)


  
SyntaxError (/home/joe/Desktop/Geekhub/Homework 4/market/app/views/products/_form.html.erb:10: syntax error, unexpected ':', expecting ')'
 f.number_field(step="0.01") :qty );@output_buffer.safe_appe
                              ^):
  
app/views/products/_form.html.erb:10: syntax error, unexpected ':', expecting ')'
app/views/products/new.html.erb:3:in `_app_views_products_new_html_erb___3410445009647943966_26408120'
Started GET "/products/new" for 127.0.0.1 at 2017-10-31 22:54:02 +0200
Processing by ProductsController#new as HTML
  Rendering products/new.html.erb within layouts/application
  Rendered products/_form.html.erb (5.6ms)
  Rendered products/new.html.erb within layouts/application (6.7ms)
Completed 500 Internal Server Error in 10ms (ActiveRecord: 0.0ms)


  
ActionView::Template::Error (undefined method `merge' for "0.01":String):
     7: 		<b>Product cost: </b><%= f.number_field :price %>
     8: 	</p>
     9: 	<p>
    10: 		<b>Product quantity: </b><%= f.number_field :qty, step='0.01' %>
    11: 	</p>
    12: 	<p><%= f.submit %></p>
    13: <% end %>
  
app/views/products/_form.html.erb:10:in `block in _app_views_products__form_html_erb__2598496814223284137_70310393174260'
app/views/products/_form.html.erb:1:in `_app_views_products__form_html_erb__2598496814223284137_70310393174260'
app/views/products/new.html.erb:3:in `_app_views_products_new_html_erb___3410445009647943966_70310393242380'
Started GET "/products/new" for 127.0.0.1 at 2017-10-31 22:54:17 +0200
Processing by ProductsController#new as HTML
  Rendering products/new.html.erb within layouts/application
  Rendered products/_form.html.erb (5.1ms)
  Rendered products/new.html.erb within layouts/application (6.3ms)
Completed 500 Internal Server Error in 9ms (ActiveRecord: 0.0ms)


  
ActionView::Template::Error (undefined method `merge' for "0.01":String):
     7: 		<b>Product cost: </b><%= f.number_field :price %>
     8: 	</p>
     9: 	<p>
    10: 		<b>Product quantity: </b><%= f.number_field(:qty, step='0.01') %>
    11: 	</p>
    12: 	<p><%= f.submit %></p>
    13: <% end %>
  
app/views/products/_form.html.erb:10:in `block in _app_views_products__form_html_erb__2598496814223284137_70310341069760'
app/views/products/_form.html.erb:1:in `_app_views_products__form_html_erb__2598496814223284137_70310341069760'
app/views/products/new.html.erb:3:in `_app_views_products_new_html_erb___3410445009647943966_70310341119640'
Started GET "/products/new" for 127.0.0.1 at 2017-10-31 22:54:52 +0200
Processing by ProductsController#new as HTML
  Rendering products/new.html.erb within layouts/application
  Rendered products/_form.html.erb (2.6ms)
  Rendered products/new.html.erb within layouts/application (3.8ms)
Completed 200 OK in 114ms (Views: 113.2ms | ActiveRecord: 0.0ms)


Started GET "/products/new" for 127.0.0.1 at 2017-10-31 22:56:32 +0200
Processing by ProductsController#new as HTML
  Rendering products/new.html.erb within layouts/application
  Rendered products/_form.html.erb (1.6ms)
  Rendered products/new.html.erb within layouts/application (2.8ms)
Completed 200 OK in 29ms (Views: 28.0ms | ActiveRecord: 0.0ms)


Started GET "/products/new" for 127.0.0.1 at 2017-10-31 22:57:49 +0200
Processing by ProductsController#new as HTML
  Rendering products/new.html.erb within layouts/application
  Rendered products/_form.html.erb (2.4ms)
  Rendered products/new.html.erb within layouts/application (3.6ms)
Completed 500 Internal Server Error in 7ms (ActiveRecord: 0.0ms)


  
ActionView::Template::Error (wrong number of arguments (given 3, expected 1..2)):
     7: 		<b>Product cost: </b><%= f.number_field :price %>
     8: 	</p>
     9: 	<p>
    10: 		<b>Product quantity: </b><%= f.number_field(:product, :price, step: 0.5) %>
    11: 	</p>
    12: 	<p><%= f.submit %></p>
    13: <% end %>
  
app/views/products/_form.html.erb:10:in `block in _app_views_products__form_html_erb__2598496814223284137_70310393283520'
app/views/products/_form.html.erb:1:in `_app_views_products__form_html_erb__2598496814223284137_70310393283520'
app/views/products/new.html.erb:3:in `_app_views_products_new_html_erb___3410445009647943966_70310393337660'
Started GET "/products/new" for 127.0.0.1 at 2017-10-31 22:58:42 +0200
Processing by ProductsController#new as HTML
  Rendering products/new.html.erb within layouts/application
  Rendered products/_form.html.erb (1.5ms)
  Rendered products/new.html.erb within layouts/application (2.8ms)
Completed 200 OK in 31ms (Views: 29.4ms | ActiveRecord: 0.0ms)


Started GET "/products/new" for 127.0.0.1 at 2017-10-31 22:59:23 +0200
Processing by ProductsController#new as HTML
  Rendering products/new.html.erb within layouts/application
  Rendered products/_form.html.erb (1.5ms)
  Rendered products/new.html.erb within layouts/application (4.3ms)
Completed 200 OK in 35ms (Views: 34.0ms | ActiveRecord: 0.0ms)


Started POST "/products" for 127.0.0.1 at 2017-10-31 22:59:43 +0200
Processing by ProductsController#create as HTML
  Parameters: {"utf8"=>"✓", "authenticity_token"=>"+P3bmu6EiUfRFgWaAqJTdq5byfLMW+l/8WaqEqFz9zh9fdEjIHu0tM/Xg69odf77vMKOKi4nGWpyqiO5dkd3nQ==", "product"=>{"name"=>"Milk", "price"=>"15.25", "qty"=>"20"}, "commit"=>"Create Product"}
  [1m[35m (0.1ms)[0m  [1m[36mbegin transaction[0m
  [1m[35mSQL (13.6ms)[0m  [1m[32mINSERT INTO "products" ("name", "price", "qty", "created_at", "updated_at") VALUES (?, ?, ?, ?, ?)[0m  [["name", "Milk"], ["price", 15.25], ["qty", 20], ["created_at", "2017-10-31 20:59:43.986526"], ["updated_at", "2017-10-31 20:59:43.986526"]]
  [1m[35m (7.1ms)[0m  [1m[36mcommit transaction[0m
Redirected to http://localhost:3000/products/1
Completed 302 Found in 25ms (ActiveRecord: 20.8ms)


Started GET "/products/1" for 127.0.0.1 at 2017-10-31 22:59:44 +0200
Processing by ProductsController#show as HTML
  Parameters: {"id"=>"1"}
  [1m[36mProduct Load (0.3ms)[0m  [1m[34mSELECT  "products".* FROM "products" WHERE "products"."id" = ? LIMIT ?[0m  [["id", 1], ["LIMIT", 1]]
  Rendering products/show.html.erb within layouts/application
  Rendered products/show.html.erb within layouts/application (0.8ms)
Completed 200 OK in 40ms (Views: 17.1ms | ActiveRecord: 0.3ms)


Started GET "/products/1/edit" for 127.0.0.1 at 2017-10-31 22:59:54 +0200
Processing by ProductsController#edit as HTML
  Parameters: {"id"=>"1"}
  [1m[36mProduct Load (0.1ms)[0m  [1m[34mSELECT  "products".* FROM "products" WHERE "products"."id" = ? LIMIT ?[0m  [["id", 1], ["LIMIT", 1]]
  Rendering products/edit.html.erb within layouts/application
  Rendered products/_form.html.erb (1.9ms)
  Rendered products/edit.html.erb within layouts/application (3.8ms)
Completed 200 OK in 29ms (Views: 26.7ms | ActiveRecord: 0.1ms)


Started PATCH "/products/1" for 127.0.0.1 at 2017-10-31 23:00:05 +0200
Processing by ProductsController#update as HTML
  Parameters: {"utf8"=>"✓", "authenticity_token"=>"pU2OZ3Yxk9QHVXKsboi2YxrNVAOdP1G7KqV2LhMEJAam8vBRvnbBz+ag2j4xKuMHsV/h9Euqwzw9fTqtVoI/XQ==", "product"=>{"name"=>"Chocolate Millk", "price"=>"15.25", "qty"=>"20"}, "commit"=>"Update Product", "id"=>"1"}
  [1m[36mProduct Load (0.1ms)[0m  [1m[34mSELECT  "products".* FROM "products" WHERE "products"."id" = ? LIMIT ?[0m  [["id", 1], ["LIMIT", 1]]
  [1m[35m (0.1ms)[0m  [1m[36mbegin transaction[0m
  [1m[35mSQL (1.7ms)[0m  [1m[33mUPDATE "products" SET "name" = ?, "updated_at" = ? WHERE "products"."id" = ?[0m  [["name", "Chocolate Millk"], ["updated_at", "2017-10-31 21:00:05.648185"], ["id", 1]]
  [1m[35m (41.3ms)[0m  [1m[36mcommit transaction[0m
Redirected to http://localhost:3000/products/1
Completed 302 Found in 48ms (ActiveRecord: 43.3ms)


Started GET "/products/1" for 127.0.0.1 at 2017-10-31 23:00:05 +0200
Processing by ProductsController#show as HTML
  Parameters: {"id"=>"1"}
  [1m[36mProduct Load (0.1ms)[0m  [1m[34mSELECT  "products".* FROM "products" WHERE "products"."id" = ? LIMIT ?[0m  [["id", 1], ["LIMIT", 1]]
  Rendering products/show.html.erb within layouts/application
  Rendered products/show.html.erb within layouts/application (0.9ms)
Completed 200 OK in 21ms (Views: 19.2ms | ActiveRecord: 0.1ms)


Started GET "/products" for 127.0.0.1 at 2017-10-31 23:00:08 +0200
Processing by ProductsController#index as HTML
  Rendering products/index.html.erb within layouts/application
  [1m[36mProduct Load (0.2ms)[0m  [1m[34mSELECT "products".* FROM "products"[0m
  Rendered products/index.html.erb within layouts/application (4.2ms)
Completed 200 OK in 26ms (Views: 24.5ms | ActiveRecord: 0.2ms)


Started GET "/products" for 127.0.0.1 at 2017-10-31 23:00:51 +0200
Processing by ProductsController#index as HTML
  Rendering products/index.html.erb within layouts/application
  [1m[36mProduct Load (0.2ms)[0m  [1m[34mSELECT "products".* FROM "products"[0m
  Rendered products/index.html.erb within layouts/application (1.8ms)
Completed 200 OK in 21ms (Views: 19.8ms | ActiveRecord: 0.2ms)


Started GET "/products" for 127.0.0.1 at 2017-10-31 23:01:09 +0200
Processing by ProductsController#index as HTML
  Rendering products/index.html.erb within layouts/application
  [1m[36mProduct Load (0.2ms)[0m  [1m[34mSELECT "products".* FROM "products"[0m
  Rendered products/index.html.erb within layouts/application (2.4ms)
Completed 200 OK in 38ms (Views: 36.5ms | ActiveRecord: 0.2ms)


Started DELETE "/products/1" for 127.0.0.1 at 2017-10-31 23:01:12 +0200
Processing by ProductsController#destroy as HTML
  Parameters: {"authenticity_token"=>"jx70vYqs8HBuh79yN2XwlgUvmxMRtBBiGm52puZHFD8Knv4ERFPNg3BGOUddsl0bF7bcy/PI4HeZov8NMXOUmg==", "id"=>"1"}
  [1m[36mProduct Load (0.2ms)[0m  [1m[34mSELECT  "products".* FROM "products" WHERE "products"."id" = ? LIMIT ?[0m  [["id", 1], ["LIMIT", 1]]
  [1m[35m (0.1ms)[0m  [1m[36mbegin transaction[0m
  [1m[35mSQL (2.1ms)[0m  [1m[31mDELETE FROM "products" WHERE "products"."id" = ?[0m  [["id", 1]]
  [1m[35m (9.8ms)[0m  [1m[36mcommit transaction[0m
Redirected to http://localhost:3000/products
Completed 302 Found in 17ms (ActiveRecord: 12.2ms)


Started GET "/products" for 127.0.0.1 at 2017-10-31 23:01:12 +0200
Processing by ProductsController#index as HTML
  Rendering products/index.html.erb within layouts/application
  [1m[36mProduct Load (0.3ms)[0m  [1m[34mSELECT "products".* FROM "products"[0m
  Rendered products/index.html.erb within layouts/application (4.7ms)
Completed 200 OK in 55ms (Views: 53.8ms | ActiveRecord: 0.3ms)


  [1m[35m (0.2ms)[0m  [1m[34mSELECT "schema_migrations"."version" FROM "schema_migrations" ORDER BY "schema_migrations"."version" ASC[0m
  [1m[35m (0.2ms)[0m  [1m[34mSELECT "ar_internal_metadata"."value" FROM "ar_internal_metadata" WHERE "ar_internal_metadata"."key" = ?[0m  [["key", "environment"]]
  [1m[35m (0.1ms)[0m  [1m[34mSELECT "schema_migrations"."version" FROM "schema_migrations" ORDER BY "schema_migrations"."version" ASC[0m
  [1m[35m (0.1ms)[0m  [1m[34mSELECT "ar_internal_metadata"."value" FROM "ar_internal_metadata" WHERE "ar_internal_metadata"."key" = ?[0m  [["key", "environment"]]
  [1m[35m (0.1ms)[0m  [1m[34mSELECT "schema_migrations"."version" FROM "schema_migrations" ORDER BY "schema_migrations"."version" ASC[0m
  [1m[35m (0.1ms)[0m  [1m[34mSELECT "ar_internal_metadata"."value" FROM "ar_internal_metadata" WHERE "ar_internal_metadata"."key" = ?[0m  [["key", "environment"]]
