  [1m[35m (0.1ms)[0m  [1m[34mSELECT sqlite_version(*)[0m
  [1m[35m (21.3ms)[0m  [1m[35mCREATE TABLE "schema_migrations" ("version" varchar NOT NULL PRIMARY KEY)[0m
  [1m[35m (6.6ms)[0m  [1m[35mCREATE TABLE "ar_internal_metadata" ("key" varchar NOT NULL PRIMARY KEY, "value" varchar, "created_at" datetime NOT NULL, "updated_at" datetime NOT NULL)[0m
  [1m[35m (0.2ms)[0m  [1m[34mSELECT "schema_migrations"."version" FROM "schema_migrations" ORDER BY "schema_migrations"."version" ASC[0m
Migrating to CreateDogs (20171028204518)
  [1m[35m (0.1ms)[0m  [1m[36mbegin transaction[0m
  [1m[35m (1.6ms)[0m  [1m[35mCREATE TABLE "dogs" ("id" INTEGER PRIMARY KEY AUTOINCREMENT NOT NULL, "name" varchar, "breed" varchar, "created_at" datetime NOT NULL, "updated_at" datetime NOT NULL)[0m
  [1m[35mSQL (0.2ms)[0m  [1m[32mINSERT INTO "schema_migrations" ("version") VALUES (?)[0m  [["version", "20171028204518"]]
  [1m[35m (8.0ms)[0m  [1m[36mcommit transaction[0m
  [1m[36mActiveRecord::InternalMetadata Load (0.8ms)[0m  [1m[34mSELECT  "ar_internal_metadata".* FROM "ar_internal_metadata" WHERE "ar_internal_metadata"."key" = ? LIMIT ?[0m  [["key", "environment"], ["LIMIT", 1]]
  [1m[35m (0.1ms)[0m  [1m[36mbegin transaction[0m
  [1m[35mSQL (0.8ms)[0m  [1m[32mINSERT INTO "ar_internal_metadata" ("key", "value", "created_at", "updated_at") VALUES (?, ?, ?, ?)[0m  [["key", "environment"], ["value", "development"], ["created_at", "2017-10-28 20:45:35.988488"], ["updated_at", "2017-10-28 20:45:35.988488"]]
  [1m[35m (10.4ms)[0m  [1m[36mcommit transaction[0m
  [1m[35m (0.2ms)[0m  [1m[34mSELECT "schema_migrations"."version" FROM "schema_migrations" ORDER BY "schema_migrations"."version" ASC[0m
Started GET "/users" for 127.0.0.1 at 2017-10-29 10:39:42 +0200
  [1m[35m (0.2ms)[0m  [1m[34mSELECT "schema_migrations"."version" FROM "schema_migrations" ORDER BY "schema_migrations"."version" ASC[0m
  
ActionController::RoutingError (No route matches [GET] "/users"):
  
actionpack (5.1.4) lib/action_dispatch/middleware/debug_exceptions.rb:63:in `call'
web-console (3.5.1) lib/web_console/middleware.rb:135:in `call_app'
web-console (3.5.1) lib/web_console/middleware.rb:28:in `block in call'
web-console (3.5.1) lib/web_console/middleware.rb:18:in `catch'
web-console (3.5.1) lib/web_console/middleware.rb:18:in `call'
actionpack (5.1.4) lib/action_dispatch/middleware/show_exceptions.rb:31:in `call'
railties (5.1.4) lib/rails/rack/logger.rb:36:in `call_app'
railties (5.1.4) lib/rails/rack/logger.rb:24:in `block in call'
activesupport (5.1.4) lib/active_support/tagged_logging.rb:69:in `block in tagged'
activesupport (5.1.4) lib/active_support/tagged_logging.rb:26:in `tagged'
activesupport (5.1.4) lib/active_support/tagged_logging.rb:69:in `tagged'
railties (5.1.4) lib/rails/rack/logger.rb:24:in `call'
sprockets-rails (3.2.1) lib/sprockets/rails/quiet_assets.rb:13:in `call'
actionpack (5.1.4) lib/action_dispatch/middleware/remote_ip.rb:79:in `call'
actionpack (5.1.4) lib/action_dispatch/middleware/request_id.rb:25:in `call'
rack (2.0.3) lib/rack/method_override.rb:22:in `call'
rack (2.0.3) lib/rack/runtime.rb:22:in `call'
activesupport (5.1.4) lib/active_support/cache/strategy/local_cache_middleware.rb:27:in `call'
actionpack (5.1.4) lib/action_dispatch/middleware/executor.rb:12:in `call'
actionpack (5.1.4) lib/action_dispatch/middleware/static.rb:125:in `call'
rack (2.0.3) lib/rack/sendfile.rb:111:in `call'
railties (5.1.4) lib/rails/engine.rb:522:in `call'
puma (3.10.0) lib/puma/configuration.rb:225:in `call'
puma (3.10.0) lib/puma/server.rb:605:in `handle_request'
puma (3.10.0) lib/puma/server.rb:437:in `process_client'
puma (3.10.0) lib/puma/server.rb:301:in `block in run'
puma (3.10.0) lib/puma/thread_pool.rb:120:in `block in spawn_thread'
Started GET "/" for 127.0.0.1 at 2017-10-29 10:41:02 +0200
Started GET "/" for 127.0.0.1 at 2017-10-29 10:41:03 +0200
Processing by DogsController#index as HTML
Processing by DogsController#index as HTML
  Rendering dogs/index.html.erb within layouts/application
  Rendering dogs/index.html.erb within layouts/application
  Rendered dogs/index.html.erb within layouts/application (188.6ms)
  Rendered dogs/index.html.erb within layouts/application (237.3ms)
Completed 200 OK in 25134ms (Views: 22814.4ms | ActiveRecord: 0.0ms)


Completed 200 OK in 25058ms (Views: 22869.0ms | ActiveRecord: 0.0ms)


Started GET "/" for 127.0.0.1 at 2017-10-29 10:42:31 +0200
  [1m[35m (0.2ms)[0m  [1m[34mSELECT "schema_migrations"."version" FROM "schema_migrations" ORDER BY "schema_migrations"."version" ASC[0m
Processing by DogsController#index as HTML
  Rendering dogs/index.html.erb within layouts/application
  Rendered dogs/index.html.erb within layouts/application (7.4ms)
Completed 200 OK in 191ms (Views: 181.9ms | ActiveRecord: 0.0ms)


Started GET "/new" for 127.0.0.1 at 2017-10-30 19:29:49 +0200
  [1m[35m (0.2ms)[0m  [1m[34mSELECT "schema_migrations"."version" FROM "schema_migrations" ORDER BY "schema_migrations"."version" ASC[0m
  
ActionController::RoutingError (No route matches [GET] "/new"):
  
actionpack (5.1.4) lib/action_dispatch/middleware/debug_exceptions.rb:63:in `call'
web-console (3.5.1) lib/web_console/middleware.rb:135:in `call_app'
web-console (3.5.1) lib/web_console/middleware.rb:28:in `block in call'
web-console (3.5.1) lib/web_console/middleware.rb:18:in `catch'
web-console (3.5.1) lib/web_console/middleware.rb:18:in `call'
actionpack (5.1.4) lib/action_dispatch/middleware/show_exceptions.rb:31:in `call'
railties (5.1.4) lib/rails/rack/logger.rb:36:in `call_app'
railties (5.1.4) lib/rails/rack/logger.rb:24:in `block in call'
activesupport (5.1.4) lib/active_support/tagged_logging.rb:69:in `block in tagged'
activesupport (5.1.4) lib/active_support/tagged_logging.rb:26:in `tagged'
activesupport (5.1.4) lib/active_support/tagged_logging.rb:69:in `tagged'
railties (5.1.4) lib/rails/rack/logger.rb:24:in `call'
sprockets-rails (3.2.1) lib/sprockets/rails/quiet_assets.rb:13:in `call'
actionpack (5.1.4) lib/action_dispatch/middleware/remote_ip.rb:79:in `call'
actionpack (5.1.4) lib/action_dispatch/middleware/request_id.rb:25:in `call'
rack (2.0.3) lib/rack/method_override.rb:22:in `call'
rack (2.0.3) lib/rack/runtime.rb:22:in `call'
activesupport (5.1.4) lib/active_support/cache/strategy/local_cache_middleware.rb:27:in `call'
actionpack (5.1.4) lib/action_dispatch/middleware/executor.rb:12:in `call'
actionpack (5.1.4) lib/action_dispatch/middleware/static.rb:125:in `call'
rack (2.0.3) lib/rack/sendfile.rb:111:in `call'
railties (5.1.4) lib/rails/engine.rb:522:in `call'
puma (3.10.0) lib/puma/configuration.rb:225:in `call'
puma (3.10.0) lib/puma/server.rb:605:in `handle_request'
puma (3.10.0) lib/puma/server.rb:437:in `process_client'
puma (3.10.0) lib/puma/server.rb:301:in `block in run'
puma (3.10.0) lib/puma/thread_pool.rb:120:in `block in spawn_thread'
Started GET "/dogs/new" for 127.0.0.1 at 2017-10-30 19:30:01 +0200
Processing by DogsController#new as HTML
  Rendering dogs/new.html.erb within layouts/application
  Rendered dogs/new.html.erb within layouts/application (0.4ms)
Completed 200 OK in 414ms (Views: 369.6ms | ActiveRecord: 0.0ms)


Started GET "/dogs/edit" for 127.0.0.1 at 2017-10-30 19:30:09 +0200
Processing by DogsController#show as HTML
  Parameters: {"id"=>"edit"}
  Rendering dogs/show.html.erb within layouts/application
  Rendered dogs/show.html.erb within layouts/application (0.4ms)
Completed 200 OK in 20ms (Views: 19.2ms | ActiveRecord: 0.0ms)


Started GET "/dogs" for 127.0.0.1 at 2017-10-30 19:30:15 +0200
Processing by DogsController#index as HTML
  Rendering dogs/index.html.erb within layouts/application
  Rendered dogs/index.html.erb within layouts/application (0.4ms)
Completed 200 OK in 42ms (Views: 23.4ms | ActiveRecord: 0.0ms)


Started GET "/dogs" for 127.0.0.1 at 2017-10-30 19:58:51 +0200
Processing by DogsController#index as HTML
  Rendering dogs/index.html.erb within layouts/application
  [1m[36mDog Load (0.1ms)[0m  [1m[34mSELECT "dogs".* FROM "dogs"[0m
  Rendered dogs/index.html.erb within layouts/application (3.2ms)
Completed 200 OK in 159ms (Views: 114.5ms | ActiveRecord: 0.8ms)


Started GET "/dogs/new" for 127.0.0.1 at 2017-10-30 19:59:04 +0200
Processing by DogsController#new as HTML
  Rendering dogs/new.html.erb within layouts/application
  Rendered dogs/_form.html.erb (90.0ms)
  Rendered dogs/new.html.erb within layouts/application (91.3ms)
Completed 200 OK in 124ms (Views: 111.4ms | ActiveRecord: 0.7ms)


Started GET "/dogs/new" for 127.0.0.1 at 2017-10-30 20:00:29 +0200
Processing by DogsController#new as HTML
  Rendering dogs/new.html.erb within layouts/application
  Rendered dogs/_form.html.erb (3.8ms)
  Rendered dogs/new.html.erb within layouts/application (6.5ms)
Completed 200 OK in 47ms (Views: 45.4ms | ActiveRecord: 0.0ms)


Started GET "/dogs/new" for 127.0.0.1 at 2017-10-30 20:01:01 +0200
Processing by DogsController#new as HTML
  Rendering dogs/new.html.erb within layouts/application
  Rendered dogs/_form.html.erb (7.6ms)
  Rendered dogs/new.html.erb within layouts/application (8.8ms)
Completed 200 OK in 48ms (Views: 47.0ms | ActiveRecord: 0.0ms)


Started POST "/dogs" for 127.0.0.1 at 2017-10-30 20:01:08 +0200
Processing by DogsController#create as HTML
  Parameters: {"utf8"=>"✓", "authenticity_token"=>"tRGSLhNt9pBJa9tbIAsAz8IR72TcGLpF0+lePwtfU4+V5aUCTcXPCCnMTxapGicz8IQcckIlXZKJE1utgM7h5g==", "dog"=>{"name"=>"Pipko", "breed"=>"Stray"}, "commit"=>"Create Dog"}
  [1m[35m (0.1ms)[0m  [1m[36mbegin transaction[0m
  [1m[35mSQL (1.4ms)[0m  [1m[32mINSERT INTO "dogs" ("name", "breed", "created_at", "updated_at") VALUES (?, ?, ?, ?)[0m  [["name", "Pipko"], ["breed", "Stray"], ["created_at", "2017-10-30 18:01:08.250051"], ["updated_at", "2017-10-30 18:01:08.250051"]]
  [1m[35m (6.5ms)[0m  [1m[36mcommit transaction[0m
Redirected to http://localhost:3000/dogs/1
Completed 302 Found in 23ms (ActiveRecord: 8.0ms)


Started GET "/dogs/1" for 127.0.0.1 at 2017-10-30 20:01:08 +0200
Processing by DogsController#show as HTML
  Parameters: {"id"=>"1"}
  [1m[36mDog Load (0.3ms)[0m  [1m[34mSELECT  "dogs".* FROM "dogs" WHERE "dogs"."id" = ? LIMIT ?[0m  [["id", 1], ["LIMIT", 1]]
  Rendering dogs/show.html.erb within layouts/application
  Rendered dogs/show.html.erb within layouts/application (0.8ms)
Completed 200 OK in 55ms (Views: 38.3ms | ActiveRecord: 0.3ms)


Started GET "/dogs" for 127.0.0.1 at 2017-10-30 20:01:22 +0200
Processing by DogsController#index as HTML
  Rendering dogs/index.html.erb within layouts/application
  [1m[36mDog Load (0.2ms)[0m  [1m[34mSELECT "dogs".* FROM "dogs"[0m
  Rendered dogs/index.html.erb within layouts/application (4.5ms)
Completed 200 OK in 29ms (Views: 27.5ms | ActiveRecord: 0.2ms)


Started GET "/dogs" for 127.0.0.1 at 2017-10-30 20:03:11 +0200
Processing by DogsController#index as HTML
  Rendering dogs/index.html.erb within layouts/application
  [1m[36mDog Load (0.2ms)[0m  [1m[34mSELECT "dogs".* FROM "dogs"[0m
  Rendered dogs/index.html.erb within layouts/application (3.0ms)
Completed 200 OK in 25ms (Views: 24.1ms | ActiveRecord: 0.2ms)


Started DELETE "/dogs/1" for 127.0.0.1 at 2017-10-30 20:03:23 +0200
Processing by DogsController#destroy as HTML
  Parameters: {"authenticity_token"=>"QPaRSS1jKJJe0fMpp6KedPZq5V8Imr0LrEGQ0MXmUo1gAqZlc8sRCj52Z2Qus7mIxP8WSZanWtz2u5VCTnfg5A==", "id"=>"1"}
  [1m[36mDog Load (0.3ms)[0m  [1m[34mSELECT  "dogs".* FROM "dogs" WHERE "dogs"."id" = ? LIMIT ?[0m  [["id", 1], ["LIMIT", 1]]
  [1m[35m (0.1ms)[0m  [1m[36mbegin transaction[0m
  [1m[35mSQL (1.0ms)[0m  [1m[31mDELETE FROM "dogs" WHERE "dogs"."id" = ?[0m  [["id", 1]]
  [1m[35m (12.1ms)[0m  [1m[36mcommit transaction[0m
Redirected to http://localhost:3000/dogs
Completed 302 Found in 20ms (ActiveRecord: 13.4ms)


Started GET "/dogs" for 127.0.0.1 at 2017-10-30 20:03:23 +0200
Processing by DogsController#index as HTML
  Rendering dogs/index.html.erb within layouts/application
  [1m[36mDog Load (0.4ms)[0m  [1m[34mSELECT "dogs".* FROM "dogs"[0m
  Rendered dogs/index.html.erb within layouts/application (3.2ms)
Completed 200 OK in 46ms (Views: 40.6ms | ActiveRecord: 0.4ms)


Started GET "/dogs/new" for 127.0.0.1 at 2017-10-30 20:03:25 +0200
Processing by DogsController#new as HTML
  Rendering dogs/new.html.erb within layouts/application
  Rendered dogs/_form.html.erb (6.4ms)
  Rendered dogs/new.html.erb within layouts/application (7.9ms)
Completed 200 OK in 35ms (Views: 33.7ms | ActiveRecord: 0.0ms)


Started POST "/dogs" for 127.0.0.1 at 2017-10-30 20:03:34 +0200
Processing by DogsController#create as HTML
  Parameters: {"utf8"=>"✓", "authenticity_token"=>"CM8yFROYvq8khe1O4Z2lJ8OJSYe0UneB1K4Wg7tV+izs/EPGDg3vAK/AZu8SITAg1XBT1Mko5tpciG+IeO6+mg==", "dog"=>{"name"=>"Poklo", "breed"=>"Collie"}, "commit"=>"Create Dog"}
  [1m[35m (0.2ms)[0m  [1m[36mbegin transaction[0m
  [1m[35mSQL (1.0ms)[0m  [1m[32mINSERT INTO "dogs" ("name", "breed", "created_at", "updated_at") VALUES (?, ?, ?, ?)[0m  [["name", "Poklo"], ["breed", "Collie"], ["created_at", "2017-10-30 18:03:34.807721"], ["updated_at", "2017-10-30 18:03:34.807721"]]
  [1m[35m (10.5ms)[0m  [1m[36mcommit transaction[0m
Redirected to http://localhost:3000/dogs/2
Completed 302 Found in 20ms (ActiveRecord: 11.6ms)


Started GET "/dogs/2" for 127.0.0.1 at 2017-10-30 20:03:34 +0200
Processing by DogsController#show as HTML
  Parameters: {"id"=>"2"}
  [1m[36mDog Load (0.2ms)[0m  [1m[34mSELECT  "dogs".* FROM "dogs" WHERE "dogs"."id" = ? LIMIT ?[0m  [["id", 2], ["LIMIT", 1]]
  Rendering dogs/show.html.erb within layouts/application
  Rendered dogs/show.html.erb within layouts/application (0.8ms)
Completed 200 OK in 48ms (Views: 45.4ms | ActiveRecord: 0.2ms)


Started GET "/dogs" for 127.0.0.1 at 2017-10-30 20:03:37 +0200
Processing by DogsController#index as HTML
  Rendering dogs/index.html.erb within layouts/application
  [1m[36mDog Load (0.3ms)[0m  [1m[34mSELECT "dogs".* FROM "dogs"[0m
  Rendered dogs/index.html.erb within layouts/application (2.7ms)
Completed 200 OK in 29ms (Views: 27.2ms | ActiveRecord: 0.3ms)


Started GET "/dogs/2/edit" for 127.0.0.1 at 2017-10-30 20:03:46 +0200
Processing by DogsController#edit as HTML
  Parameters: {"id"=>"2"}
  [1m[36mDog Load (0.2ms)[0m  [1m[34mSELECT  "dogs".* FROM "dogs" WHERE "dogs"."id" = ? LIMIT ?[0m  [["id", 2], ["LIMIT", 1]]
Completed 406 Not Acceptable in 30ms (ActiveRecord: 0.2ms)


  
ActionController::UnknownFormat (DogsController#edit is missing a template for this request format and variant.

request.formats: ["text/html"]
request.variant: []

NOTE! For XHR/Ajax or API requests, this action would normally respond with 204 No Content: an empty white screen. Since you're loading it in a web browser, we assume that you expected to actually render a template, not nothing, so we're showing an error to be extra-clear. If you expect 204 No Content, carry on. That's what you'll get from an XHR or API request. Give it a shot.):
  
actionpack (5.1.4) lib/action_controller/metal/implicit_render.rb:53:in `default_render'
actionpack (5.1.4) lib/action_controller/metal/basic_implicit_render.rb:4:in `block in send_action'
actionpack (5.1.4) lib/action_controller/metal/basic_implicit_render.rb:4:in `tap'
actionpack (5.1.4) lib/action_controller/metal/basic_implicit_render.rb:4:in `send_action'
actionpack (5.1.4) lib/abstract_controller/base.rb:186:in `process_action'
actionpack (5.1.4) lib/action_controller/metal/rendering.rb:30:in `process_action'
actionpack (5.1.4) lib/abstract_controller/callbacks.rb:20:in `block in process_action'
activesupport (5.1.4) lib/active_support/callbacks.rb:131:in `run_callbacks'
actionpack (5.1.4) lib/abstract_controller/callbacks.rb:19:in `process_action'
actionpack (5.1.4) lib/action_controller/metal/rescue.rb:20:in `process_action'
actionpack (5.1.4) lib/action_controller/metal/instrumentation.rb:32:in `block in process_action'
activesupport (5.1.4) lib/active_support/notifications.rb:166:in `block in instrument'
activesupport (5.1.4) lib/active_support/notifications/instrumenter.rb:21:in `instrument'
activesupport (5.1.4) lib/active_support/notifications.rb:166:in `instrument'
actionpack (5.1.4) lib/action_controller/metal/instrumentation.rb:30:in `process_action'
actionpack (5.1.4) lib/action_controller/metal/params_wrapper.rb:252:in `process_action'
activerecord (5.1.4) lib/active_record/railties/controller_runtime.rb:22:in `process_action'
actionpack (5.1.4) lib/abstract_controller/base.rb:124:in `process'
actionview (5.1.4) lib/action_view/rendering.rb:30:in `process'
actionpack (5.1.4) lib/action_controller/metal.rb:189:in `dispatch'
actionpack (5.1.4) lib/action_controller/metal.rb:253:in `dispatch'
actionpack (5.1.4) lib/action_dispatch/routing/route_set.rb:49:in `dispatch'
actionpack (5.1.4) lib/action_dispatch/routing/route_set.rb:31:in `serve'
actionpack (5.1.4) lib/action_dispatch/journey/router.rb:50:in `block in serve'
actionpack (5.1.4) lib/action_dispatch/journey/router.rb:33:in `each'
actionpack (5.1.4) lib/action_dispatch/journey/router.rb:33:in `serve'
actionpack (5.1.4) lib/action_dispatch/routing/route_set.rb:834:in `call'
rack (2.0.3) lib/rack/etag.rb:25:in `call'
rack (2.0.3) lib/rack/conditional_get.rb:25:in `call'
rack (2.0.3) lib/rack/head.rb:12:in `call'
rack (2.0.3) lib/rack/session/abstract/id.rb:232:in `context'
rack (2.0.3) lib/rack/session/abstract/id.rb:226:in `call'
actionpack (5.1.4) lib/action_dispatch/middleware/cookies.rb:613:in `call'
activerecord (5.1.4) lib/active_record/migration.rb:556:in `call'
actionpack (5.1.4) lib/action_dispatch/middleware/callbacks.rb:26:in `block in call'
activesupport (5.1.4) lib/active_support/callbacks.rb:97:in `run_callbacks'
actionpack (5.1.4) lib/action_dispatch/middleware/callbacks.rb:24:in `call'
actionpack (5.1.4) lib/action_dispatch/middleware/executor.rb:12:in `call'
actionpack (5.1.4) lib/action_dispatch/middleware/debug_exceptions.rb:59:in `call'
web-console (3.5.1) lib/web_console/middleware.rb:135:in `call_app'
web-console (3.5.1) lib/web_console/middleware.rb:28:in `block in call'
web-console (3.5.1) lib/web_console/middleware.rb:18:in `catch'
web-console (3.5.1) lib/web_console/middleware.rb:18:in `call'
actionpack (5.1.4) lib/action_dispatch/middleware/show_exceptions.rb:31:in `call'
railties (5.1.4) lib/rails/rack/logger.rb:36:in `call_app'
railties (5.1.4) lib/rails/rack/logger.rb:24:in `block in call'
activesupport (5.1.4) lib/active_support/tagged_logging.rb:69:in `block in tagged'
activesupport (5.1.4) lib/active_support/tagged_logging.rb:26:in `tagged'
activesupport (5.1.4) lib/active_support/tagged_logging.rb:69:in `tagged'
railties (5.1.4) lib/rails/rack/logger.rb:24:in `call'
sprockets-rails (3.2.1) lib/sprockets/rails/quiet_assets.rb:13:in `call'
actionpack (5.1.4) lib/action_dispatch/middleware/remote_ip.rb:79:in `call'
actionpack (5.1.4) lib/action_dispatch/middleware/request_id.rb:25:in `call'
rack (2.0.3) lib/rack/method_override.rb:22:in `call'
rack (2.0.3) lib/rack/runtime.rb:22:in `call'
activesupport (5.1.4) lib/active_support/cache/strategy/local_cache_middleware.rb:27:in `call'
actionpack (5.1.4) lib/action_dispatch/middleware/executor.rb:12:in `call'
actionpack (5.1.4) lib/action_dispatch/middleware/static.rb:125:in `call'
rack (2.0.3) lib/rack/sendfile.rb:111:in `call'
railties (5.1.4) lib/rails/engine.rb:522:in `call'
puma (3.10.0) lib/puma/configuration.rb:225:in `call'
puma (3.10.0) lib/puma/server.rb:605:in `handle_request'
puma (3.10.0) lib/puma/server.rb:437:in `process_client'
puma (3.10.0) lib/puma/server.rb:301:in `block in run'
puma (3.10.0) lib/puma/thread_pool.rb:120:in `block in spawn_thread'
Started GET "/dogs/2/edit" for 127.0.0.1 at 2017-10-30 20:04:47 +0200
Processing by DogsController#edit as HTML
  Parameters: {"id"=>"2"}
  [1m[36mDog Load (0.1ms)[0m  [1m[34mSELECT  "dogs".* FROM "dogs" WHERE "dogs"."id" = ? LIMIT ?[0m  [["id", 2], ["LIMIT", 1]]
  Rendering dogs/edit.html.erb within layouts/application
  Rendered dogs/_form.html.erb (2.8ms)
  Rendered dogs/edit.html.erb within layouts/application (4.9ms)
Completed 200 OK in 23ms (Views: 20.9ms | ActiveRecord: 0.1ms)


Started PATCH "/dogs/2" for 127.0.0.1 at 2017-10-30 20:04:59 +0200
Processing by DogsController#update as HTML
  Parameters: {"utf8"=>"✓", "authenticity_token"=>"tV6oxzFp9rL+byYhPBHD8GmF7AsBRuXk0sd0LeWx+IiVqp/rb8HPKp7Ismy1AOQMWxAfHZ97AjOIPXG/biBK4Q==", "dog"=>{"name"=>"Poklo", "breed"=>"Border-collie"}, "commit"=>"Update Dog", "id"=>"2"}
  [1m[36mDog Load (0.1ms)[0m  [1m[34mSELECT  "dogs".* FROM "dogs" WHERE "dogs"."id" = ? LIMIT ?[0m  [["id", 2], ["LIMIT", 1]]
  [1m[35m (0.1ms)[0m  [1m[36mbegin transaction[0m
  [1m[35mSQL (1.0ms)[0m  [1m[33mUPDATE "dogs" SET "breed" = ?, "updated_at" = ? WHERE "dogs"."id" = ?[0m  [["breed", "Border-collie"], ["updated_at", "2017-10-30 18:04:59.712365"], ["id", 2]]
  [1m[35m (46.3ms)[0m  [1m[36mcommit transaction[0m
Redirected to http://localhost:3000/dogs/2
Completed 302 Found in 55ms (ActiveRecord: 47.5ms)


Started GET "/dogs/2" for 127.0.0.1 at 2017-10-30 20:04:59 +0200
Processing by DogsController#show as HTML
  Parameters: {"id"=>"2"}
  [1m[36mDog Load (0.1ms)[0m  [1m[34mSELECT  "dogs".* FROM "dogs" WHERE "dogs"."id" = ? LIMIT ?[0m  [["id", 2], ["LIMIT", 1]]
  Rendering dogs/show.html.erb within layouts/application
  Rendered dogs/show.html.erb within layouts/application (0.9ms)
Completed 200 OK in 30ms (Views: 27.3ms | ActiveRecord: 0.1ms)


Started GET "/" for 127.0.0.1 at 2017-10-30 20:06:43 +0200
Processing by DogsController#index as HTML
  Rendering dogs/index.html.erb within layouts/application
  [1m[36mDog Load (0.2ms)[0m  [1m[34mSELECT "dogs".* FROM "dogs"[0m
  Rendered dogs/index.html.erb within layouts/application (3.2ms)
Completed 200 OK in 24ms (Views: 22.6ms | ActiveRecord: 0.2ms)


  [1m[35m (0.2ms)[0m  [1m[34mSELECT "schema_migrations"."version" FROM "schema_migrations" ORDER BY "schema_migrations"."version" ASC[0m
  [1m[35m (0.2ms)[0m  [1m[34mSELECT "ar_internal_metadata"."value" FROM "ar_internal_metadata" WHERE "ar_internal_metadata"."key" = ?[0m  [["key", "environment"]]
  [1m[35m (0.1ms)[0m  [1m[34mSELECT "schema_migrations"."version" FROM "schema_migrations" ORDER BY "schema_migrations"."version" ASC[0m
  [1m[35m (0.1ms)[0m  [1m[34mSELECT "ar_internal_metadata"."value" FROM "ar_internal_metadata" WHERE "ar_internal_metadata"."key" = ?[0m  [["key", "environment"]]
  [1m[35m (0.1ms)[0m  [1m[34mSELECT "schema_migrations"."version" FROM "schema_migrations" ORDER BY "schema_migrations"."version" ASC[0m
  [1m[35m (0.1ms)[0m  [1m[34mSELECT "ar_internal_metadata"."value" FROM "ar_internal_metadata" WHERE "ar_internal_metadata"."key" = ?[0m  [["key", "environment"]]
  [1m[35m (0.1ms)[0m  [1m[34mSELECT sqlite_version(*)[0m
  [1m[35m (6.1ms)[0m  [1m[35mCREATE TABLE "schema_migrations" ("version" varchar NOT NULL PRIMARY KEY)[0m
  [1m[35m (6.7ms)[0m  [1m[35mCREATE TABLE "ar_internal_metadata" ("key" varchar NOT NULL PRIMARY KEY, "value" varchar, "created_at" datetime NOT NULL, "updated_at" datetime NOT NULL)[0m
  [1m[35m (0.1ms)[0m  [1m[34mSELECT "schema_migrations"."version" FROM "schema_migrations" ORDER BY "schema_migrations"."version" ASC[0m
Migrating to CreateDogs (20171028204518)
  [1m[35m (0.1ms)[0m  [1m[36mbegin transaction[0m
  [1m[35m (0.4ms)[0m  [1m[35mCREATE TABLE "dogs" ("id" INTEGER PRIMARY KEY AUTOINCREMENT NOT NULL, "name" varchar, "breed" varchar, "created_at" datetime NOT NULL, "updated_at" datetime NOT NULL)[0m
  [1m[35mSQL (0.1ms)[0m  [1m[32mINSERT INTO "schema_migrations" ("version") VALUES (?)[0m  [["version", "20171028204518"]]
  [1m[35m (6.0ms)[0m  [1m[36mcommit transaction[0m
  [1m[36mActiveRecord::InternalMetadata Load (0.1ms)[0m  [1m[34mSELECT  "ar_internal_metadata".* FROM "ar_internal_metadata" WHERE "ar_internal_metadata"."key" = ? LIMIT ?[0m  [["key", "environment"], ["LIMIT", 1]]
  [1m[35m (0.1ms)[0m  [1m[36mbegin transaction[0m
  [1m[35mSQL (0.2ms)[0m  [1m[32mINSERT INTO "ar_internal_metadata" ("key", "value", "created_at", "updated_at") VALUES (?, ?, ?, ?)[0m  [["key", "environment"], ["value", "development"], ["created_at", "2017-10-30 18:27:54.293665"], ["updated_at", "2017-10-30 18:27:54.293665"]]
  [1m[35m (7.4ms)[0m  [1m[36mcommit transaction[0m
  [1m[35m (0.1ms)[0m  [1m[34mSELECT "schema_migrations"."version" FROM "schema_migrations" ORDER BY "schema_migrations"."version" ASC[0m
Started GET "/" for 127.0.0.1 at 2017-10-31 17:55:59 +0200
  [1m[35m (0.1ms)[0m  [1m[34mSELECT "schema_migrations"."version" FROM "schema_migrations" ORDER BY "schema_migrations"."version" ASC[0m
Processing by DogsController#index as HTML
  Rendering dogs/index.html.erb within layouts/application
  [1m[36mDog Load (0.2ms)[0m  [1m[34mSELECT "dogs".* FROM "dogs"[0m
  Rendered dogs/index.html.erb within layouts/application (2.3ms)
Completed 200 OK in 215ms (Views: 205.5ms | ActiveRecord: 0.4ms)


Started GET "/dogs/new" for 127.0.0.1 at 2017-10-31 17:56:05 +0200
Processing by DogsController#new as HTML
  Rendering dogs/new.html.erb within layouts/application
  Rendered dogs/_form.html.erb (24.3ms)
  Rendered dogs/new.html.erb within layouts/application (25.7ms)
Completed 200 OK in 51ms (Views: 38.2ms | ActiveRecord: 0.9ms)


Started POST "/dogs" for 127.0.0.1 at 2017-10-31 17:56:14 +0200
Processing by DogsController#create as HTML
  Parameters: {"utf8"=>"✓", "authenticity_token"=>"qgnF06axNnxaE5iXyMyNtlv9x4gmb6jl88yNGN3JP6y7MMDcsf6Kb5zaLndBKgEbZfygQw3sSk0sa5863ofN6g==", "dog"=>{"name"=>"Dog", "breed"=>"ZHep"}, "commit"=>"Create Dog"}
  [1m[35m (0.1ms)[0m  [1m[36mbegin transaction[0m
  [1m[35m (0.0ms)[0m  [1m[31mrollback transaction[0m
  Rendering dogs/new.html.erb within layouts/application
  Rendered dogs/_form.html.erb (3.0ms)
  Rendered dogs/new.html.erb within layouts/application (3.9ms)
Completed 200 OK in 19ms (Views: 16.8ms | ActiveRecord: 0.1ms)


Started POST "/dogs" for 127.0.0.1 at 2017-10-31 17:56:21 +0200
Processing by DogsController#create as HTML
  Parameters: {"utf8"=>"✓", "authenticity_token"=>"khfhuku//wjZQmvBSQ1/Pr/OtGCefp5xPgkft7a9ngBR/L+8MpnBqLlSI/7qROXdF4yRda6q+DgeRsEGdekFsQ==", "dog"=>{"name"=>"Dog", "breed"=>"Zhopa"}, "commit"=>"Create Dog"}
  [1m[35m (0.1ms)[0m  [1m[36mbegin transaction[0m
  [1m[35mSQL (0.9ms)[0m  [1m[32mINSERT INTO "dogs" ("name", "breed", "created_at", "updated_at") VALUES (?, ?, ?, ?)[0m  [["name", "Dog"], ["breed", "Zhopa"], ["created_at", "2017-10-31 15:56:21.933535"], ["updated_at", "2017-10-31 15:56:21.933535"]]
  [1m[35m (161.0ms)[0m  [1m[36mcommit transaction[0m
Redirected to http://localhost:3000/dogs/1
Completed 302 Found in 166ms (ActiveRecord: 162.0ms)


Started GET "/dogs/1" for 127.0.0.1 at 2017-10-31 17:56:22 +0200
Processing by DogsController#show as HTML
  Parameters: {"id"=>"1"}
  [1m[36mDog Load (0.3ms)[0m  [1m[34mSELECT  "dogs".* FROM "dogs" WHERE "dogs"."id" = ? LIMIT ?[0m  [["id", 1], ["LIMIT", 1]]
  Rendering dogs/show.html.erb within layouts/application
  Rendered dogs/show.html.erb within layouts/application (0.8ms)
Completed 200 OK in 23ms (Views: 18.8ms | ActiveRecord: 0.3ms)


Started GET "/dogs" for 127.0.0.1 at 2017-10-31 17:56:31 +0200
Processing by DogsController#index as HTML
  Rendering dogs/index.html.erb within layouts/application
  [1m[36mDog Load (0.6ms)[0m  [1m[34mSELECT "dogs".* FROM "dogs"[0m
  Rendered dogs/index.html.erb within layouts/application (3.2ms)
Completed 200 OK in 28ms (Views: 26.0ms | ActiveRecord: 0.6ms)


Started DELETE "/dogs/1" for 127.0.0.1 at 2017-10-31 17:56:47 +0200
Processing by DogsController#destroy as HTML
  Parameters: {"authenticity_token"=>"DsPT3VMqC0NqMFLl9oGtSP1zXk2aK5KpKnrRrNLbNeXNKI3bKgw14wogGtpVyDerVTF7WKr/9OAKNQ8dEY+uVA==", "id"=>"1"}
  [1m[36mDog Load (0.1ms)[0m  [1m[34mSELECT  "dogs".* FROM "dogs" WHERE "dogs"."id" = ? LIMIT ?[0m  [["id", 1], ["LIMIT", 1]]
  [1m[35m (0.1ms)[0m  [1m[36mbegin transaction[0m
  [1m[35mSQL (0.7ms)[0m  [1m[31mDELETE FROM "dogs" WHERE "dogs"."id" = ?[0m  [["id", 1]]
  [1m[35m (402.2ms)[0m  [1m[36mcommit transaction[0m
Redirected to http://localhost:3000/dogs
Completed 302 Found in 406ms (ActiveRecord: 403.1ms)


Started GET "/dogs" for 127.0.0.1 at 2017-10-31 17:56:47 +0200
Processing by DogsController#index as HTML
  Rendering dogs/index.html.erb within layouts/application
  [1m[36mDog Load (0.2ms)[0m  [1m[34mSELECT "dogs".* FROM "dogs"[0m
  Rendered dogs/index.html.erb within layouts/application (1.5ms)
Completed 200 OK in 16ms (Views: 15.1ms | ActiveRecord: 0.2ms)


  [1m[35m (0.2ms)[0m  [1m[34mSELECT "schema_migrations"."version" FROM "schema_migrations" ORDER BY "schema_migrations"."version" ASC[0m
  [1m[35m (0.1ms)[0m  [1m[34mSELECT "ar_internal_metadata"."value" FROM "ar_internal_metadata" WHERE "ar_internal_metadata"."key" = ?[0m  [["key", "environment"]]
  [1m[35m (0.1ms)[0m  [1m[34mSELECT "schema_migrations"."version" FROM "schema_migrations" ORDER BY "schema_migrations"."version" ASC[0m
  [1m[35m (0.1ms)[0m  [1m[34mSELECT "ar_internal_metadata"."value" FROM "ar_internal_metadata" WHERE "ar_internal_metadata"."key" = ?[0m  [["key", "environment"]]
  [1m[35m (0.1ms)[0m  [1m[34mSELECT "schema_migrations"."version" FROM "schema_migrations" ORDER BY "schema_migrations"."version" ASC[0m
  [1m[35m (0.1ms)[0m  [1m[34mSELECT "ar_internal_metadata"."value" FROM "ar_internal_metadata" WHERE "ar_internal_metadata"."key" = ?[0m  [["key", "environment"]]
  [1m[35m (0.1ms)[0m  [1m[34mSELECT sqlite_version(*)[0m
  [1m[35m (553.8ms)[0m  [1m[35mCREATE TABLE "schema_migrations" ("version" varchar NOT NULL PRIMARY KEY)[0m
  [1m[35m (183.0ms)[0m  [1m[35mCREATE TABLE "ar_internal_metadata" ("key" varchar NOT NULL PRIMARY KEY, "value" varchar, "created_at" datetime NOT NULL, "updated_at" datetime NOT NULL)[0m
  [1m[35m (0.1ms)[0m  [1m[34mSELECT "schema_migrations"."version" FROM "schema_migrations" ORDER BY "schema_migrations"."version" ASC[0m
Migrating to CreateDogs (20171028204518)
  [1m[35m (0.1ms)[0m  [1m[36mbegin transaction[0m
  [1m[35m (0.3ms)[0m  [1m[35mCREATE TABLE "dogs" ("id" INTEGER PRIMARY KEY AUTOINCREMENT NOT NULL, "name" varchar, "breed" varchar, "created_at" datetime NOT NULL, "updated_at" datetime NOT NULL)[0m
  [1m[35mSQL (0.1ms)[0m  [1m[32mINSERT INTO "schema_migrations" ("version") VALUES (?)[0m  [["version", "20171028204518"]]
  [1m[35m (329.1ms)[0m  [1m[36mcommit transaction[0m
  [1m[36mActiveRecord::InternalMetadata Load (0.1ms)[0m  [1m[34mSELECT  "ar_internal_metadata".* FROM "ar_internal_metadata" WHERE "ar_internal_metadata"."key" = ? LIMIT ?[0m  [["key", "environment"], ["LIMIT", 1]]
  [1m[35m (0.1ms)[0m  [1m[36mbegin transaction[0m
  [1m[35mSQL (0.2ms)[0m  [1m[32mINSERT INTO "ar_internal_metadata" ("key", "value", "created_at", "updated_at") VALUES (?, ?, ?, ?)[0m  [["key", "environment"], ["value", "development"], ["created_at", "2017-10-31 15:57:25.791864"], ["updated_at", "2017-10-31 15:57:25.791864"]]
  [1m[35m (703.1ms)[0m  [1m[36mcommit transaction[0m
  [1m[35m (0.1ms)[0m  [1m[34mSELECT "schema_migrations"."version" FROM "schema_migrations" ORDER BY "schema_migrations"."version" ASC[0m
