  [1m[35m (0.1ms)[0m  [1m[34mSELECT sqlite_version(*)[0m
  [1m[35m (14.6ms)[0m  [1m[35mCREATE TABLE "schema_migrations" ("version" varchar NOT NULL PRIMARY KEY)[0m
  [1m[35m (6.4ms)[0m  [1m[35mCREATE TABLE "ar_internal_metadata" ("key" varchar NOT NULL PRIMARY KEY, "value" varchar, "created_at" datetime NOT NULL, "updated_at" datetime NOT NULL)[0m
  [1m[35m (0.1ms)[0m  [1m[34mSELECT "schema_migrations"."version" FROM "schema_migrations" ORDER BY "schema_migrations"."version" ASC[0m
Migrating to CreateCharacters (20171031221752)
  [1m[35m (0.1ms)[0m  [1m[36mbegin transaction[0m
  [1m[35m (0.4ms)[0m  [1m[35mCREATE TABLE "characters" ("id" INTEGER PRIMARY KEY AUTOINCREMENT NOT NULL, "name" varchar, "role" varchar, "created_at" datetime NOT NULL, "updated_at" datetime NOT NULL)[0m
  [1m[35mSQL (0.2ms)[0m  [1m[32mINSERT INTO "schema_migrations" ("version") VALUES (?)[0m  [["version", "20171031221752"]]
  [1m[35m (6.7ms)[0m  [1m[36mcommit transaction[0m
  [1m[36mActiveRecord::InternalMetadata Load (0.2ms)[0m  [1m[34mSELECT  "ar_internal_metadata".* FROM "ar_internal_metadata" WHERE "ar_internal_metadata"."key" = ? LIMIT ?[0m  [["key", "environment"], ["LIMIT", 1]]
  [1m[35m (0.1ms)[0m  [1m[36mbegin transaction[0m
  [1m[35mSQL (0.2ms)[0m  [1m[32mINSERT INTO "ar_internal_metadata" ("key", "value", "created_at", "updated_at") VALUES (?, ?, ?, ?)[0m  [["key", "environment"], ["value", "development"], ["created_at", "2017-10-31 22:18:02.365005"], ["updated_at", "2017-10-31 22:18:02.365005"]]
  [1m[35m (7.1ms)[0m  [1m[36mcommit transaction[0m
  [1m[35m (0.1ms)[0m  [1m[34mSELECT "schema_migrations"."version" FROM "schema_migrations" ORDER BY "schema_migrations"."version" ASC[0m
Started GET "/" for 127.0.0.1 at 2017-11-01 00:39:34 +0200
  [1m[35m (0.2ms)[0m  [1m[34mSELECT "schema_migrations"."version" FROM "schema_migrations" ORDER BY "schema_migrations"."version" ASC[0m
Processing by CharactersController#index as HTML
  Rendering characters/index.html.erb within layouts/application
  [1m[36mCharacter Load (0.4ms)[0m  [1m[34mSELECT "characters".* FROM "characters"[0m
  Rendered characters/index.html.erb within layouts/application (5.2ms)
Completed 200 OK in 1755ms (Views: 1742.1ms | ActiveRecord: 0.9ms)


Started GET "/characters/new" for 127.0.0.1 at 2017-11-01 00:39:38 +0200
Processing by CharactersController#new as HTML
  Rendering characters/new.html.erb within layouts/application
  Rendered characters/_form.html.erb (22.6ms)
  Rendered characters/new.html.erb within layouts/application (24.2ms)
Completed 200 OK in 52ms (Views: 44.0ms | ActiveRecord: 0.5ms)


Started POST "/characters" for 127.0.0.1 at 2017-11-01 00:39:48 +0200
Processing by CharactersController#create as HTML
  Parameters: {"utf8"=>"✓", "authenticity_token"=>"uLfg4Rh4ccUWKcyToXWPF4osuO4tHtGFbbE3JlkwA+6rVmWTP+VYcVSFH3PmnRaJJEYPa2Ps1S/zaGarYhq5ug==", "character"=>{"name"=>"Fragwith", "role"=>"Tank"}, "commit"=>"Create Character"}
  [1m[35m (0.1ms)[0m  [1m[36mbegin transaction[0m
  [1m[35mSQL (2.1ms)[0m  [1m[32mINSERT INTO "characters" ("name", "role", "created_at", "updated_at") VALUES (?, ?, ?, ?)[0m  [["name", "Fragwith"], ["role", "Tank"], ["created_at", "2017-10-31 22:39:48.034308"], ["updated_at", "2017-10-31 22:39:48.034308"]]
  [1m[35m (10.9ms)[0m  [1m[36mcommit transaction[0m
Redirected to http://localhost:3000/characters/1
Completed 302 Found in 19ms (ActiveRecord: 13.2ms)


Started GET "/characters/1" for 127.0.0.1 at 2017-11-01 00:39:48 +0200
Processing by CharactersController#show as HTML
  Parameters: {"id"=>"1"}
  [1m[36mCharacter Load (0.3ms)[0m  [1m[34mSELECT  "characters".* FROM "characters" WHERE "characters"."id" = ? LIMIT ?[0m  [["id", 1], ["LIMIT", 1]]
  Rendering characters/show.html.erb within layouts/application
  Rendered characters/show.html.erb within layouts/application (0.8ms)
Completed 200 OK in 32ms (Views: 27.6ms | ActiveRecord: 0.3ms)


Started GET "/characters/1/edit" for 127.0.0.1 at 2017-11-01 00:39:50 +0200
Processing by CharactersController#edit as HTML
  Parameters: {"id"=>"1"}
  [1m[36mCharacter Load (0.2ms)[0m  [1m[34mSELECT  "characters".* FROM "characters" WHERE "characters"."id" = ? LIMIT ?[0m  [["id", 1], ["LIMIT", 1]]
  Rendering characters/edit.html.erb within layouts/application
  Rendered characters/_form.html.erb (6.3ms)
  Rendered characters/edit.html.erb within layouts/application (7.4ms)
Completed 200 OK in 66ms (Views: 64.1ms | ActiveRecord: 0.2ms)


Started PATCH "/characters/1" for 127.0.0.1 at 2017-11-01 00:39:53 +0200
Processing by CharactersController#update as HTML
  Parameters: {"utf8"=>"✓", "authenticity_token"=>"c/rsoqfbYKNukW8rux71G4q8psHryTpQkmAx1h4PQtaOs/WIACmTr2gt6xDEmH8BAU0EKnFQSi17HdfBQ0fbAQ==", "character"=>{"name"=>"Fragwith43", "role"=>"Tankr542"}, "commit"=>"Update Character", "id"=>"1"}
  [1m[36mCharacter Load (0.2ms)[0m  [1m[34mSELECT  "characters".* FROM "characters" WHERE "characters"."id" = ? LIMIT ?[0m  [["id", 1], ["LIMIT", 1]]
  [1m[35m (0.1ms)[0m  [1m[36mbegin transaction[0m
  [1m[35mSQL (2.3ms)[0m  [1m[33mUPDATE "characters" SET "name" = ?, "role" = ?, "updated_at" = ? WHERE "characters"."id" = ?[0m  [["name", "Fragwith43"], ["role", "Tankr542"], ["updated_at", "2017-10-31 22:39:53.752427"], ["id", 1]]
  [1m[35m (13.6ms)[0m  [1m[36mcommit transaction[0m
Redirected to http://localhost:3000/characters/1
Completed 302 Found in 23ms (ActiveRecord: 16.1ms)


Started GET "/characters/1" for 127.0.0.1 at 2017-11-01 00:39:53 +0200
Processing by CharactersController#show as HTML
  Parameters: {"id"=>"1"}
  [1m[36mCharacter Load (0.1ms)[0m  [1m[34mSELECT  "characters".* FROM "characters" WHERE "characters"."id" = ? LIMIT ?[0m  [["id", 1], ["LIMIT", 1]]
  Rendering characters/show.html.erb within layouts/application
  Rendered characters/show.html.erb within layouts/application (0.8ms)
Completed 200 OK in 28ms (Views: 26.5ms | ActiveRecord: 0.1ms)


Started GET "/characters" for 127.0.0.1 at 2017-11-01 00:39:56 +0200
Processing by CharactersController#index as HTML
  Rendering characters/index.html.erb within layouts/application
  [1m[36mCharacter Load (0.3ms)[0m  [1m[34mSELECT "characters".* FROM "characters"[0m
  Rendered characters/index.html.erb within layouts/application (2.4ms)
Completed 200 OK in 26ms (Views: 24.1ms | ActiveRecord: 0.3ms)


Started DELETE "/characters/1" for 127.0.0.1 at 2017-11-01 00:39:57 +0200
Processing by CharactersController#destroy as HTML
  Parameters: {"authenticity_token"=>"WDFNT3FyGE/lihxcYJVG2y8Sn8hxcL6GgqLPEOwcqTndsUf2v40lvPtLmmkKQutWPYvYEJMMTpMBbka7OygpnA==", "id"=>"1"}
  [1m[36mCharacter Load (0.2ms)[0m  [1m[34mSELECT  "characters".* FROM "characters" WHERE "characters"."id" = ? LIMIT ?[0m  [["id", 1], ["LIMIT", 1]]
  [1m[35m (0.1ms)[0m  [1m[36mbegin transaction[0m
  [1m[35mSQL (0.8ms)[0m  [1m[31mDELETE FROM "characters" WHERE "characters"."id" = ?[0m  [["id", 1]]
  [1m[35m (14.5ms)[0m  [1m[36mcommit transaction[0m
Redirected to http://localhost:3000/characters
Completed 302 Found in 19ms (ActiveRecord: 15.6ms)


Started GET "/characters" for 127.0.0.1 at 2017-11-01 00:39:57 +0200
Processing by CharactersController#index as HTML
  Rendering characters/index.html.erb within layouts/application
  [1m[36mCharacter Load (0.2ms)[0m  [1m[34mSELECT "characters".* FROM "characters"[0m
  Rendered characters/index.html.erb within layouts/application (3.6ms)
Completed 200 OK in 30ms (Views: 28.7ms | ActiveRecord: 0.2ms)


Started GET "/characters/new" for 127.0.0.1 at 2017-11-01 00:39:58 +0200
Processing by CharactersController#new as HTML
  Rendering characters/new.html.erb within layouts/application
  Rendered characters/_form.html.erb (2.0ms)
  Rendered characters/new.html.erb within layouts/application (5.0ms)
Completed 200 OK in 46ms (Views: 44.7ms | ActiveRecord: 0.0ms)


Started POST "/characters" for 127.0.0.1 at 2017-11-01 00:40:00 +0200
Processing by CharactersController#create as HTML
  Parameters: {"utf8"=>"✓", "authenticity_token"=>"jdgClDN9PGYx1tBvxoJ2lSpOJ1codSujwODYu4ytpS6eOYfmFOAV0nN6A4+Bau8LhCSQ0maHLwleOYk2t4cfeg==", "character"=>{"name"=>"", "role"=>""}, "commit"=>"Create Character"}
  [1m[35m (0.1ms)[0m  [1m[36mbegin transaction[0m
  [1m[35m (0.1ms)[0m  [1m[31mrollback transaction[0m
  Rendering characters/new.html.erb within layouts/application
  Rendered characters/_form.html.erb (3.6ms)
  Rendered characters/new.html.erb within layouts/application (7.5ms)
Completed 200 OK in 50ms (Views: 43.9ms | ActiveRecord: 0.2ms)


Started GET "/characters" for 127.0.0.1 at 2017-11-01 00:40:05 +0200
Processing by CharactersController#index as HTML
  Rendering characters/index.html.erb within layouts/application
  [1m[36mCharacter Load (0.2ms)[0m  [1m[34mSELECT "characters".* FROM "characters"[0m
  Rendered characters/index.html.erb within layouts/application (1.9ms)
Completed 200 OK in 42ms (Views: 40.9ms | ActiveRecord: 0.2ms)


Started GET "/characters/new" for 127.0.0.1 at 2017-11-01 00:40:08 +0200
Processing by CharactersController#new as HTML
  Rendering characters/new.html.erb within layouts/application
  Rendered characters/_form.html.erb (2.4ms)
  Rendered characters/new.html.erb within layouts/application (3.6ms)
Completed 200 OK in 39ms (Views: 37.4ms | ActiveRecord: 0.0ms)


Started GET "/characters" for 127.0.0.1 at 2017-11-01 00:40:10 +0200
Processing by CharactersController#index as HTML
  Rendering characters/index.html.erb within layouts/application
  [1m[36mCharacter Load (0.4ms)[0m  [1m[34mSELECT "characters".* FROM "characters"[0m
  Rendered characters/index.html.erb within layouts/application (2.1ms)
Completed 200 OK in 61ms (Views: 59.6ms | ActiveRecord: 0.4ms)


  [1m[35m (0.2ms)[0m  [1m[34mSELECT "schema_migrations"."version" FROM "schema_migrations" ORDER BY "schema_migrations"."version" ASC[0m
  [1m[35m (0.2ms)[0m  [1m[34mSELECT "ar_internal_metadata"."value" FROM "ar_internal_metadata" WHERE "ar_internal_metadata"."key" = ?[0m  [["key", "environment"]]
  [1m[35m (0.1ms)[0m  [1m[34mSELECT "schema_migrations"."version" FROM "schema_migrations" ORDER BY "schema_migrations"."version" ASC[0m
  [1m[35m (0.1ms)[0m  [1m[34mSELECT "ar_internal_metadata"."value" FROM "ar_internal_metadata" WHERE "ar_internal_metadata"."key" = ?[0m  [["key", "environment"]]
  [1m[35m (0.1ms)[0m  [1m[34mSELECT "schema_migrations"."version" FROM "schema_migrations" ORDER BY "schema_migrations"."version" ASC[0m
  [1m[35m (0.1ms)[0m  [1m[34mSELECT "ar_internal_metadata"."value" FROM "ar_internal_metadata" WHERE "ar_internal_metadata"."key" = ?[0m  [["key", "environment"]]
